11/08/22 10:55:56: style.scss - `../../assets/bootstrap-5.2.2/scss/bootstrap.scss` file not found for @import: style.scss on line 6, at column 1
11/08/22 10:56:58: style.scss - `../../assets/bootstrap-5.2.2/scss/bootstrap.scss` file not found for @import: style.scss on line 6, at column 1
11/08/22 10:57:58: style.scss - `../../assets/bootstrap-5.2.2/scss/bootstrap.scss` file not found for @import: style.scss on line 6, at column 1
11/08/22 10:57:59: style.scss - `../../assets/bootstrap-5.2.2/scss/bootstrap.scss` file not found for @import: style.scss on line 6, at column 1
11/08/22 10:59:00: style.scss - `../../assets/bootstrap-5.2.2/scss/bootstrap.scss` file not found for @import: style.scss on line 6, at column 1
11/08/22 11:00:00: style.scss - `../../assets/bootstrap-5.2.2/scss/bootstrap.scss` file not found for @import: style.scss on line 6, at column 1
11/08/22 11:02:01: style.scss - `../../assets/bootstrap-5.2.2/scss/bootstrap.scss` file not found for @import: style.scss on line 6, at column 1
11/08/22 11:03:01: style.scss - `../../assets/bootstrap-5.2.2/scss/bootstrap.scss` file not found for @import: style.scss on line 6, at column 1
11/08/22 11:04:25: style.scss - `../../assets/bootstrap-5.2.2/scss/bootstrap.scss` file not found for @import: style.scss on line 6, at column 1
11/08/22 11:04:30: style.scss - `../../assets/bootstrap-5.2.2/scss/bootstrap.scss` file not found for @import: style.scss on line 6, at column 1
11/08/22 11:05:28: style.scss - `../../assets/bootstrap-5.2.2/scss/bootstrap.scss` file not found for @import: style.scss on line 6, at column 1
11/08/22 11:05:28: style.scss - `../../assets/bootstrap-5.2.2/scss/bootstrap.scss` file not found for @import: style.scss on line 6, at column 1
11/08/22 11:05:31: style.scss - `../../assets/bootstrap-5.2.2/scss/bootstrap.scss` file not found for @import: style.scss on line 6, at column 1
11/08/22 11:06:32: style.scss - `../../assets/bootstrap-5.2.2/scss/bootstrap.scss` file not found for @import: style.scss on line 6, at column 1
11/08/22 11:06:48: style.scss - `../../assets/bootstrap-5.2.2/scss/bootstrap.scss` file not found for @import: style.scss on line 6, at column 1
11/08/22 11:06:51: style.scss - `../../assets/bootstrap-5.2.2/scss/bootstrap.scss` file not found for @import: style.scss on line 6, at column 1
11/08/22 11:06:54: style.scss - `../../assets/bootstrap-5.2.2/scss/bootstrap.scss` file not found for @import: style.scss on line 6, at column 1
11/08/22 11:07:02: style.scss - `../../assets/bootstrap-5.2.2/scss/bootstrap.scss` file not found for @import: style.scss on line 6, at column 1
11/08/22 11:07:12: style.scss - `../../assets/bootstrap-5.2.2/scss/bootstrap.scss` file not found for @import: style.scss on line 6, at column 1
11/08/22 11:07:16: style.scss - `../../assets/bootstrap-5.2.2/scss/bootstrap.scss` file not found for @import: style.scss on line 6, at column 1
11/08/22 11:07:19: style.scss - `../../assets/bootstrap-5.2.2/scss/bootstrap.scss` file not found for @import: style.scss on line 6, at column 1
11/08/22 11:07:23: style.scss - `../../assets/bootstrap-5.2.2/scss/bootstrap.scss` file not found for @import: style.scss on line 6, at column 1
11/08/22 11:07:23: style.scss - `../../assets/bootstrap-5.2.2/scss/bootstrap.scss` file not found for @import: style.scss on line 6, at column 1
11/08/22 11:07:23: style.scss - `../../assets/bootstrap-5.2.2/scss/bootstrap.scss` file not found for @import: style.scss on line 6, at column 1
11/08/22 11:07:33: style.scss - `../../assets/bootstrap-5.2.2/scss/bootstrap.scss` file not found for @import: style.scss on line 6, at column 1
11/08/22 11:07:43: style.scss - `../../assets/bootstrap-5.2.2/scss/bootstrap.scss` file not found for @import: style.scss on line 6, at column 1
11/08/22 11:07:44: style.scss - `../../assets/bootstrap-5.2.2/scss/bootstrap.scss` file not found for @import: style.scss on line 6, at column 1
11/08/22 11:07:44: style.scss - `../../assets/bootstrap-5.2.2/scss/bootstrap.scss` file not found for @import: style.scss on line 6, at column 1
11/08/22 11:07:49: style.scss - `../../assets/bootstrap-5.2.2/scss/bootstrap.scss` file not found for @import: style.scss on line 6, at column 1
11/08/22 11:07:49: style.scss - `../../assets/bootstrap-5.2.2/scss/bootstrap.scss` file not found for @import: style.scss on line 6, at column 1
11/08/22 11:08:08: style.scss - `../../assets/bootstrap-5.2.2/scss/bootstrap.scss` file not found for @import: style.scss on line 6, at column 1
11/08/22 11:08:11: style.scss - `../../assets/bootstrap-5.2.2/scss/bootstrap.scss` file not found for @import: style.scss on line 6, at column 1
11/08/22 11:08:14: style.scss - `../../assets/bootstrap-5.2.2/scss/bootstrap.scss` file not found for @import: style.scss on line 6, at column 1
11/08/22 11:08:15: style.scss - `../../assets/bootstrap-5.2.2/scss/bootstrap.scss` file not found for @import: style.scss on line 6, at column 1
11/08/22 11:08:15: style.scss - `../../assets/bootstrap-5.2.2/scss/bootstrap.scss` file not found for @import: style.scss on line 6, at column 1
11/08/22 11:08:20: style.scss - `../../assets/bootstrap-5.2.2/scss/bootstrap.scss` file not found for @import: style.scss on line 6, at column 1
11/08/22 11:08:22: style.scss - `../../assets/bootstrap-5.2.2/scss/bootstrap.scss` file not found for @import: style.scss on line 6, at column 1
11/08/22 11:08:22: style.scss - `../../assets/bootstrap-5.2.2/scss/bootstrap.scss` file not found for @import: style.scss on line 6, at column 1
11/08/22 11:08:28: style.scss - `../../assets/bootstrap-5.2.2/scss/bootstrap.scss` file not found for @import: style.scss on line 6, at column 1
11/08/22 11:08:28: style.scss - `../../assets/bootstrap-5.2.2/scss/bootstrap.scss` file not found for @import: style.scss on line 6, at column 1
11/08/22 11:08:35: style.scss - `../../assets/bootstrap-5.2.2/scss/bootstrap.scss` file not found for @import: style.scss on line 6, at column 1
11/08/22 11:08:40: style.scss - `../../assets/bootstrap-5.2.2/scss/bootstrap.scss` file not found for @import: style.scss on line 6, at column 1
11/08/22 11:08:40: style.scss - `../../assets/bootstrap-5.2.2/scss/bootstrap.scss` file not found for @import: style.scss on line 6, at column 1
11/08/22 11:08:47: style.scss - `../../assets/bootstrap-5.2.2/scss/bootstrap.scss` file not found for @import: style.scss on line 6, at column 1
11/08/22 11:08:47: style.scss - `../../assets/bootstrap-5.2.2/scss/bootstrap.scss` file not found for @import: style.scss on line 6, at column 1
11/08/22 11:08:54: style.scss - `../../assets/bootstrap-5.2.2/scss/bootstrap.scss` file not found for @import: style.scss on line 6, at column 1
11/08/22 11:08:54: style.scss - `../../assets/bootstrap-5.2.2/scss/bootstrap.scss` file not found for @import: style.scss on line 6, at column 1
11/08/22 11:09:01: style.scss - `../../assets/bootstrap-5.2.2/scss/bootstrap.scss` file not found for @import: style.scss on line 6, at column 1
11/08/22 11:09:33: style.scss - `../../assets/bootstrap-5.2.2/scss/bootstrap.scss` file not found for @import: style.scss on line 6, at column 1
11/08/22 11:09:56: style.scss - `../../assets/bootstrap-5.2.2/scss/bootstrap.scss` file not found for @import: style.scss on line 6, at column 1
11/08/22 11:10:23: style.scss - `../../assets/bootstrap-5.2.2/scss/bootstrap.scss` file not found for @import: style.scss on line 6, at column 1
11/08/22 11:10:31: style.scss - `./../assets/bootstrap-5.2.2/scss/bootstrap.scss` file not found for @import: style.scss on line 6, at column 1
11/08/22 11:10:45: style.scss - `./../../assets/bootstrap-5.2.2/scss/bootstrap.scss` file not found for @import: style.scss on line 6, at column 1
11/08/22 11:11:05: style.scss - $color1: null is not a color.: ../../_assets/bootstrap-5.2.2/scss/mixins/_table-variants.scss on line 5, at column 5
Call Stack:
#0 mixin table-variant ../../_assets/bootstrap-5.2.2/scss/_tables.scss on line 147
#1 import ../../_assets/bootstrap-5.2.2/scss/_tables.scss ../../_assets/bootstrap-5.2.2/scss/bootstrap.scss on line 20
#2 import ../../_assets/bootstrap-5.2.2/scss/bootstrap.scss style.scss on line 6
11/08/22 11:11:17: style.scss - $color1: null is not a color.: ../../_assets/bootstrap-5.2.2/scss/mixins/_table-variants.scss on line 5, at column 5
Call Stack:
#0 mixin table-variant ../../_assets/bootstrap-5.2.2/scss/_tables.scss on line 147
#1 import ../../_assets/bootstrap-5.2.2/scss/_tables.scss ../../_assets/bootstrap-5.2.2/scss/bootstrap.scss on line 20
#2 import ../../_assets/bootstrap-5.2.2/scss/bootstrap.scss style.scss on line 6
11/08/22 11:12:19: style.scss - $color1: null is not a color.: ../../_assets/bootstrap-5.2.2/scss/mixins/_table-variants.scss on line 5, at column 5
Call Stack:
#0 mixin table-variant ../../_assets/bootstrap-5.2.2/scss/_tables.scss on line 147
#1 import ../../_assets/bootstrap-5.2.2/scss/_tables.scss ../../_assets/bootstrap-5.2.2/scss/bootstrap.scss on line 20
#2 import ../../_assets/bootstrap-5.2.2/scss/bootstrap.scss style.scss on line 6
11/08/22 11:12:24: style.scss - $color1: null is not a color.: ../../_assets/bootstrap-5.2.2/scss/mixins/_table-variants.scss on line 5, at column 5
Call Stack:
#0 mixin table-variant ../../_assets/bootstrap-5.2.2/scss/_tables.scss on line 147
#1 import ../../_assets/bootstrap-5.2.2/scss/_tables.scss ../../_assets/bootstrap-5.2.2/scss/bootstrap.scss on line 20
#2 import ../../_assets/bootstrap-5.2.2/scss/bootstrap.scss style.scss on line 6
11/08/22 11:14:20: style.scss - $color1: null is not a color.: ../../_assets/bootstrap-5.2.2/scss/mixins/_table-variants.scss on line 5, at column 5
Call Stack:
#0 mixin table-variant ../../_assets/bootstrap-5.2.2/scss/_tables.scss on line 147
#1 import ../../_assets/bootstrap-5.2.2/scss/_tables.scss ../../_assets/bootstrap-5.2.2/scss/bootstrap.scss on line 20
#2 import ../../_assets/bootstrap-5.2.2/scss/bootstrap.scss style.scss on line 6
11/08/22 11:14:25: style.scss - $color1: null is not a color.: ../../_assets/bootstrap-5.2.2/scss/mixins/_table-variants.scss on line 5, at column 5
Call Stack:
#0 mixin table-variant ../../_assets/bootstrap-5.2.2/scss/_tables.scss on line 147
#1 import ../../_assets/bootstrap-5.2.2/scss/_tables.scss ../../_assets/bootstrap-5.2.2/scss/bootstrap.scss on line 20
#2 import ../../_assets/bootstrap-5.2.2/scss/bootstrap.scss style.scss on line 6
11/09/22 9:33:12: style.scss - $color1: null is not a color.: ../../_assets/bootstrap-5.2.2/scss/mixins/_table-variants.scss on line 5, at column 5
Call Stack:
#0 mixin table-variant ../../_assets/bootstrap-5.2.2/scss/_tables.scss on line 147
#1 import ../../_assets/bootstrap-5.2.2/scss/_tables.scss ../../_assets/bootstrap-5.2.2/scss/bootstrap.scss on line 20
#2 import ../../_assets/bootstrap-5.2.2/scss/bootstrap.scss style.scss on line 6
11/09/22 9:33:12: style.scss - $color1: null is not a color.: ../../_assets/bootstrap-5.2.2/scss/mixins/_table-variants.scss on line 5, at column 5
Call Stack:
#0 mixin table-variant ../../_assets/bootstrap-5.2.2/scss/_tables.scss on line 147
#1 import ../../_assets/bootstrap-5.2.2/scss/_tables.scss ../../_assets/bootstrap-5.2.2/scss/bootstrap.scss on line 20
#2 import ../../_assets/bootstrap-5.2.2/scss/bootstrap.scss style.scss on line 6
11/09/22 9:35:10: style.scss - $color1: null is not a color.: ../../_assets/bootstrap-5.2.2/scss/mixins/_table-variants.scss on line 5, at column 5
Call Stack:
#0 mixin table-variant ../../_assets/bootstrap-5.2.2/scss/_tables.scss on line 147
#1 import ../../_assets/bootstrap-5.2.2/scss/_tables.scss ../../_assets/bootstrap-5.2.2/scss/bootstrap.scss on line 20
#2 import ../../_assets/bootstrap-5.2.2/scss/bootstrap.scss style.scss on line 6
11/09/22 9:35:10: style.scss - $color1: null is not a color.: ../../_assets/bootstrap-5.2.2/scss/mixins/_table-variants.scss on line 5, at column 5
Call Stack:
#0 mixin table-variant ../../_assets/bootstrap-5.2.2/scss/_tables.scss on line 147
#1 import ../../_assets/bootstrap-5.2.2/scss/_tables.scss ../../_assets/bootstrap-5.2.2/scss/bootstrap.scss on line 20
#2 import ../../_assets/bootstrap-5.2.2/scss/bootstrap.scss style.scss on line 6
11/09/22 9:37:11: style.scss - $color1: null is not a color.: ../../_assets/bootstrap-5.2.2/scss/mixins/_table-variants.scss on line 5, at column 5
Call Stack:
#0 mixin table-variant ../../_assets/bootstrap-5.2.2/scss/_tables.scss on line 147
#1 import ../../_assets/bootstrap-5.2.2/scss/_tables.scss ../../_assets/bootstrap-5.2.2/scss/bootstrap.scss on line 20
#2 import ../../_assets/bootstrap-5.2.2/scss/bootstrap.scss style.scss on line 6
11/09/22 9:37:11: style.scss - $color1: null is not a color.: ../../_assets/bootstrap-5.2.2/scss/mixins/_table-variants.scss on line 5, at column 5
Call Stack:
#0 mixin table-variant ../../_assets/bootstrap-5.2.2/scss/_tables.scss on line 147
#1 import ../../_assets/bootstrap-5.2.2/scss/_tables.scss ../../_assets/bootstrap-5.2.2/scss/bootstrap.scss on line 20
#2 import ../../_assets/bootstrap-5.2.2/scss/bootstrap.scss style.scss on line 6
11/09/22 9:39:12: style.scss - $color1: null is not a color.: ../../_assets/bootstrap-5.2.2/scss/mixins/_table-variants.scss on line 5, at column 5
Call Stack:
#0 mixin table-variant ../../_assets/bootstrap-5.2.2/scss/_tables.scss on line 147
#1 import ../../_assets/bootstrap-5.2.2/scss/_tables.scss ../../_assets/bootstrap-5.2.2/scss/bootstrap.scss on line 20
#2 import ../../_assets/bootstrap-5.2.2/scss/bootstrap.scss style.scss on line 6
11/09/22 9:39:12: style.scss - $color1: null is not a color.: ../../_assets/bootstrap-5.2.2/scss/mixins/_table-variants.scss on line 5, at column 5
Call Stack:
#0 mixin table-variant ../../_assets/bootstrap-5.2.2/scss/_tables.scss on line 147
#1 import ../../_assets/bootstrap-5.2.2/scss/_tables.scss ../../_assets/bootstrap-5.2.2/scss/bootstrap.scss on line 20
#2 import ../../_assets/bootstrap-5.2.2/scss/bootstrap.scss style.scss on line 6
11/09/22 9:41:13: style.scss - $color1: null is not a color.: ../../_assets/bootstrap-5.2.2/scss/mixins/_table-variants.scss on line 5, at column 5
Call Stack:
#0 mixin table-variant ../../_assets/bootstrap-5.2.2/scss/_tables.scss on line 147
#1 import ../../_assets/bootstrap-5.2.2/scss/_tables.scss ../../_assets/bootstrap-5.2.2/scss/bootstrap.scss on line 20
#2 import ../../_assets/bootstrap-5.2.2/scss/bootstrap.scss style.scss on line 6
11/09/22 9:41:13: style.scss - $color1: null is not a color.: ../../_assets/bootstrap-5.2.2/scss/mixins/_table-variants.scss on line 5, at column 5
Call Stack:
#0 mixin table-variant ../../_assets/bootstrap-5.2.2/scss/_tables.scss on line 147
#1 import ../../_assets/bootstrap-5.2.2/scss/_tables.scss ../../_assets/bootstrap-5.2.2/scss/bootstrap.scss on line 20
#2 import ../../_assets/bootstrap-5.2.2/scss/bootstrap.scss style.scss on line 6
11/09/22 9:43:14: style.scss - $color1: null is not a color.: ../../_assets/bootstrap-5.2.2/scss/mixins/_table-variants.scss on line 5, at column 5
Call Stack:
#0 mixin table-variant ../../_assets/bootstrap-5.2.2/scss/_tables.scss on line 147
#1 import ../../_assets/bootstrap-5.2.2/scss/_tables.scss ../../_assets/bootstrap-5.2.2/scss/bootstrap.scss on line 20
#2 import ../../_assets/bootstrap-5.2.2/scss/bootstrap.scss style.scss on line 6
11/09/22 9:43:14: style.scss - $color1: null is not a color.: ../../_assets/bootstrap-5.2.2/scss/mixins/_table-variants.scss on line 5, at column 5
Call Stack:
#0 mixin table-variant ../../_assets/bootstrap-5.2.2/scss/_tables.scss on line 147
#1 import ../../_assets/bootstrap-5.2.2/scss/_tables.scss ../../_assets/bootstrap-5.2.2/scss/bootstrap.scss on line 20
#2 import ../../_assets/bootstrap-5.2.2/scss/bootstrap.scss style.scss on line 6
11/09/22 9:45:15: style.scss - $color1: null is not a color.: ../../_assets/bootstrap-5.2.2/scss/mixins/_table-variants.scss on line 5, at column 5
Call Stack:
#0 mixin table-variant ../../_assets/bootstrap-5.2.2/scss/_tables.scss on line 147
#1 import ../../_assets/bootstrap-5.2.2/scss/_tables.scss ../../_assets/bootstrap-5.2.2/scss/bootstrap.scss on line 20
#2 import ../../_assets/bootstrap-5.2.2/scss/bootstrap.scss style.scss on line 6
11/09/22 9:45:15: style.scss - $color1: null is not a color.: ../../_assets/bootstrap-5.2.2/scss/mixins/_table-variants.scss on line 5, at column 5
Call Stack:
#0 mixin table-variant ../../_assets/bootstrap-5.2.2/scss/_tables.scss on line 147
#1 import ../../_assets/bootstrap-5.2.2/scss/_tables.scss ../../_assets/bootstrap-5.2.2/scss/bootstrap.scss on line 20
#2 import ../../_assets/bootstrap-5.2.2/scss/bootstrap.scss style.scss on line 6
11/09/22 9:47:16: style.scss - $color1: null is not a color.: ../../_assets/bootstrap-5.2.2/scss/mixins/_table-variants.scss on line 5, at column 5
Call Stack:
#0 mixin table-variant ../../_assets/bootstrap-5.2.2/scss/_tables.scss on line 147
#1 import ../../_assets/bootstrap-5.2.2/scss/_tables.scss ../../_assets/bootstrap-5.2.2/scss/bootstrap.scss on line 20
#2 import ../../_assets/bootstrap-5.2.2/scss/bootstrap.scss style.scss on line 6
11/09/22 9:47:16: style.scss - $color1: null is not a color.: ../../_assets/bootstrap-5.2.2/scss/mixins/_table-variants.scss on line 5, at column 5
Call Stack:
#0 mixin table-variant ../../_assets/bootstrap-5.2.2/scss/_tables.scss on line 147
#1 import ../../_assets/bootstrap-5.2.2/scss/_tables.scss ../../_assets/bootstrap-5.2.2/scss/bootstrap.scss on line 20
#2 import ../../_assets/bootstrap-5.2.2/scss/bootstrap.scss style.scss on line 6
11/09/22 9:49:17: style.scss - $color1: null is not a color.: ../../_assets/bootstrap-5.2.2/scss/mixins/_table-variants.scss on line 5, at column 5
Call Stack:
#0 mixin table-variant ../../_assets/bootstrap-5.2.2/scss/_tables.scss on line 147
#1 import ../../_assets/bootstrap-5.2.2/scss/_tables.scss ../../_assets/bootstrap-5.2.2/scss/bootstrap.scss on line 20
#2 import ../../_assets/bootstrap-5.2.2/scss/bootstrap.scss style.scss on line 6
11/09/22 9:49:17: style.scss - $color1: null is not a color.: ../../_assets/bootstrap-5.2.2/scss/mixins/_table-variants.scss on line 5, at column 5
Call Stack:
#0 mixin table-variant ../../_assets/bootstrap-5.2.2/scss/_tables.scss on line 147
#1 import ../../_assets/bootstrap-5.2.2/scss/_tables.scss ../../_assets/bootstrap-5.2.2/scss/bootstrap.scss on line 20
#2 import ../../_assets/bootstrap-5.2.2/scss/bootstrap.scss style.scss on line 6
11/09/22 9:49:38: style.scss - $color1: null is not a color.: ../../_assets/bootstrap-5.2.2/scss/mixins/_table-variants.scss on line 5, at column 5
Call Stack:
#0 mixin table-variant ../../_assets/bootstrap-5.2.2/scss/_tables.scss on line 147
#1 import ../../_assets/bootstrap-5.2.2/scss/_tables.scss ../../_assets/bootstrap-5.2.2/scss/bootstrap.scss on line 20
#2 import ../../_assets/bootstrap-5.2.2/scss/bootstrap.scss style.scss on line 6
11/09/22 9:50:41: style.scss - $color1: null is not a color.: ../../_assets/bootstrap-5.2.2/scss/mixins/_table-variants.scss on line 5, at column 5
Call Stack:
#0 mixin table-variant ../../_assets/bootstrap-5.2.2/scss/_tables.scss on line 147
#1 import ../../_assets/bootstrap-5.2.2/scss/_tables.scss ../../_assets/bootstrap-5.2.2/scss/bootstrap.scss on line 20
#2 import ../../_assets/bootstrap-5.2.2/scss/bootstrap.scss style.scss on line 6
11/09/22 9:51:18: style.scss - $color1: null is not a color.: ../../_assets/bootstrap-5.2.2/scss/mixins/_table-variants.scss on line 5, at column 5
Call Stack:
#0 mixin table-variant ../../_assets/bootstrap-5.2.2/scss/_tables.scss on line 147
#1 import ../../_assets/bootstrap-5.2.2/scss/_tables.scss ../../_assets/bootstrap-5.2.2/scss/bootstrap.scss on line 20
#2 import ../../_assets/bootstrap-5.2.2/scss/bootstrap.scss style.scss on line 6
11/09/22 9:52:42: style.scss - $color1: null is not a color.: ../../_assets/bootstrap-5.2.2/scss/mixins/_table-variants.scss on line 5, at column 5
Call Stack:
#0 mixin table-variant ../../_assets/bootstrap-5.2.2/scss/_tables.scss on line 147
#1 import ../../_assets/bootstrap-5.2.2/scss/_tables.scss ../../_assets/bootstrap-5.2.2/scss/bootstrap.scss on line 20
#2 import ../../_assets/bootstrap-5.2.2/scss/bootstrap.scss style.scss on line 6
11/09/22 9:53:19: style.scss - $color1: null is not a color.: ../../_assets/bootstrap-5.2.2/scss/mixins/_table-variants.scss on line 5, at column 5
Call Stack:
#0 mixin table-variant ../../_assets/bootstrap-5.2.2/scss/_tables.scss on line 147
#1 import ../../_assets/bootstrap-5.2.2/scss/_tables.scss ../../_assets/bootstrap-5.2.2/scss/bootstrap.scss on line 20
#2 import ../../_assets/bootstrap-5.2.2/scss/bootstrap.scss style.scss on line 6
11/09/22 9:54:43: style.scss - $color1: null is not a color.: ../../_assets/bootstrap-5.2.2/scss/mixins/_table-variants.scss on line 5, at column 5
Call Stack:
#0 mixin table-variant ../../_assets/bootstrap-5.2.2/scss/_tables.scss on line 147
#1 import ../../_assets/bootstrap-5.2.2/scss/_tables.scss ../../_assets/bootstrap-5.2.2/scss/bootstrap.scss on line 20
#2 import ../../_assets/bootstrap-5.2.2/scss/bootstrap.scss style.scss on line 6
11/10/22 12:28:54: style.scss - ".navbar #menu-top-menu-desktop" failed to @extend "list-unstyled". The selector "list-unstyled" was not found.: ../_scss/header.scss on line 65, at column 3
11/10/22 12:30:55: style.scss - ".navbar #menu-top-menu-desktop" failed to @extend "list-unstyled". The selector "list-unstyled" was not found.: ../_scss/header.scss on line 65, at column 3
11/10/22 12:32:56: style.scss - ".navbar #menu-top-menu-desktop" failed to @extend "list-unstyled". The selector "list-unstyled" was not found.: ../_scss/header.scss on line 65, at column 3
11/10/22 12:34:57: style.scss - ".navbar #menu-top-menu-desktop" failed to @extend "list-unstyled". The selector "list-unstyled" was not found.: ../_scss/header.scss on line 65, at column 3
11/10/22 1:35:40: style.scss - Undefined variable $color1: ../_scss/header.scss on line 102, at column 4
Call Stack:
#0 import ../_scss/header.scss style.scss on line 36
11/10/22 2:07:19: style.scss - unclosed block: failed at `` C:\xamppphp7\htdocs\kanb\wp-content\themes\KanBAgency\styles\_styles_scss\../_scss/header.scss on line 118, at column 0
11/11/22 5:36:21: style.scss - ".page-home .hero h1 span" failed to @extend ".letters". The selector ".letters" was not found.: ../_scss/page-home.scss on line 7, at column 5
11/11/22 5:37:19: style.scss - ".page-home .hero h1 span" failed to @extend ".letters". The selector ".letters" was not found.: ../_scss/page-home.scss on line 7, at column 5
11/11/22 5:38:15: style.scss - ".page-home .hero h1 span" failed to @extend ".letters". The selector ".letters" was not found.: ../_scss/page-home.scss on line 7, at column 10
11/11/22 5:38:16: style.scss - ".page-home .hero h1 span" failed to @extend ".letters". The selector ".letters" was not found.: ../_scss/page-home.scss on line 7, at column 10
11/11/22 5:38:23: style.scss - ".page-home .hero h1 span" failed to @extend ".letters". The selector ".letters" was not found.: ../_scss/page-home.scss on line 7, at column 10
11/11/22 5:39:23: style.scss - ".page-home .hero h1 span" failed to @extend ".letters". The selector ".letters" was not found.: ../_scss/page-home.scss on line 7, at column 10
11/11/22 5:51:31: style.scss - `../_scss/moving-letters.scss` file not found for @import: style.scss on line 35, at column 1
11/11/22 6:50:31: style.scss - ".page-home .hero .img-col .hero-img" failed to @extend ".fluid-img". The selector ".fluid-img" was not found.: ../_scss/page-home.scss on line 31, at column 5
11/12/22 3:38:20: style.scss - Missing argument $name: ../_scss/page-home.scss on line 45, at column 5
Call Stack:
#0 import ../_scss/page-home.scss style.scss on line 42
11/15/22 8:59:07: style.scss - ".circles-animation .circle-sm" failed to @extend ".roundend-circle". The selector ".roundend-circle" was not found.: ../_scss/page-home.scss on line 7, at column 7
11/19/22 10:57:13: style.scss - ".navbar .scrolled-text" failed to @extend ".display-none". The selector ".display-none" was not found.: ../_scss/page-home.scss on line 23, at column 3
11/19/22 10:58:14: style.scss - ".navbar .scrolled-text" failed to @extend ".display-none". The selector ".display-none" was not found.: ../_scss/page-home.scss on line 28, at column 3
11/19/22 11:16:55: style.scss - parse error: failed at `!important;` C:\xamppphp7\htdocs\kanb\wp-content\themes\KanBAgency\styles\_styles_scss\../_scss/header.scss on line 16, at column 18
11/20/22 8:37:23: style.scss - Undefined mixin media-breakpoint-dow: ../_scss/page-home.scss on line 187, at column 3
Call Stack:
#0 import ../_scss/page-home.scss style.scss on line 42
11/20/22 8:43:32: style.scss - Undefined mixin medai-breakpoint-between: ../_scss/page-home.scss on line 215, at column 4
Call Stack:
#0 import ../_scss/page-home.scss style.scss on line 42
11/24/22 9:11:20: style.scss - ".page-about .capabilities" failed to @extend ".bg-light-grey". The selector ".bg-light-grey" was not found.: ../_scss/page-about.scss on line 38, at column 3
11/24/22 9:17:23: style.scss - ".page-about .capabilities" failed to @extend ".full-width-bg". The selector ".full-width-bg" was not found.: ../_scss/page-about.scss on line 39, at column 4
11/25/22 8:34:12: style.scss - parse error: failed at `transform: translateX(-1em!important` C:\xamppphp7\htdocs\kanb\wp-content\themes\KanBAgency\styles\_styles_scss\../_scss/random-word.scss on line 30, at column 3
11/25/22 8:34:12: style.scss - parse error: failed at `transform: translateX(-1em!important` C:\xamppphp7\htdocs\kanb\wp-content\themes\KanBAgency\styles\_styles_scss\../_scss/random-word.scss on line 30, at column 3
11/25/22 8:34:19: style.scss - parse error: failed at `transform: translateX(-1em!important` C:\xamppphp7\htdocs\kanb\wp-content\themes\KanBAgency\styles\_styles_scss\../_scss/random-word.scss on line 30, at column 3
11/25/22 9:57:17: style.scss - ".page-services .hero .hero-container" failed to @extend ".py-20". The selector ".py-20" was not found.: ../_scss/page-services.scss on line 5, at column 4
11/28/22 7:38:18: style.scss - `../_scss/page-services.scss` file not found for @import: style.scss on line 48, at column 1
11/28/22 7:39:17: style.scss - `../_scss/page-services.scss` file not found for @import: style.scss on line 48, at column 1
11/28/22 7:41:16: style.scss - `../_scss/page-services.scss` file not found for @import: style.scss on line 48, at column 1
11/28/22 7:43:17: style.scss - `../_scss/page-services.scss` file not found for @import: style.scss on line 48, at column 1
11/28/22 7:44:05: style.scss - `../_scss/page-services.scss` file not found for @import: style.scss on line 48, at column 1
01/20/23 8:39:53: style.scss - unclosed block: failed at `` C:\xamppphp7\htdocs\kanb\wp-content\themes\KanBAgency\styles\_styles_scss\../_scss/404.scss on line 44, at column 0
